<?xml version="1.0" encoding="UTF-8"?>
<!-- Generated by org.testng.reporters.JUnitXMLReporter -->
<testsuite ignored="0" hostname="DESKTOP-GA3FTFK" failures="0" tests="5" name="Default test" time="113.659" errors="0" timestamp="2023-02-06T09:59:25 IST">
  <testcase classname="test.TestClass" name="dbtest1" time="18.729"/>
  <testcase classname="test.TestClass" name="dbtest1" time="17.712"/>
  <testcase classname="test.TestClass" name="dbtest1" time="15.392"/>
  <testcase classname="test.TestClass" name="dbtest1" time="17.791"/>
  <testcase classname="test.TestClass" name="dbtest1" time="17.644"/>
</testsuite> <!-- Default test -->
