<?xml version="1.0" encoding="UTF-8"?>
<!-- Generated by org.testng.reporters.JUnitXMLReporter -->
<testsuite ignored="0" hostname="DESKTOP-GA3FTFK" failures="1" tests="7" name="Test1" time="78.902" errors="0" timestamp="2023-02-05T00:11:37 IST">
  <testcase classname="test.TestClass" name="dbtest1" time="16.314"/>
  <testcase classname="test.TestClass" name="test1" time="13.162"/>
  <testcase classname="test.TestClass" name="test1" time="12.85"/>
  <testcase classname="test.TestClass" name="test1" time="2.114">
    <failure type="java.lang.AssertionError" message="expected [Dashboard] but found [Dashboard123]">
      <![CDATA[java.lang.AssertionError: expected [Dashboard] but found [Dashboard123]
at test.TestClass.test1(TestClass.java:52)
at java.base/java.util.ArrayList.forEach(ArrayList.java:1511)
... Removed 33 stack frames]]>
    </failure>
  </testcase> <!-- test1 -->
  <testcase classname="test.TestClass" name="test1" time="0.0">
    <skipped/>
  </testcase> <!-- test1 -->
  <testcase classname="test.TestClass" name="test1" time="0.002">
    <skipped/>
  </testcase> <!-- test1 -->
  <testcase classname="test.TestClass" name="test1" time="0.001">
    <skipped/>
  </testcase> <!-- test1 -->
</testsuite> <!-- Test1 -->
