<?xml version="1.0" encoding="UTF-8"?>
<!-- Generated by org.testng.reporters.JUnitXMLReporter -->
<testsuite ignored="0" hostname="DESKTOP-GA3FTFK" failures="1" tests="6" name="Test1" time="65.846" errors="0" timestamp="2023-02-05T12:17:09 IST">
  <testcase classname="test.TestClass" name="test1" time="13.184"/>
  <testcase classname="test.TestClass" name="test1" time="15.314"/>
  <testcase classname="test.TestClass" name="test1" time="2.495">
    <failure type="java.lang.AssertionError" message="expected [Dashboard] but found [Dashboard123]">
      <![CDATA[java.lang.AssertionError: expected [Dashboard] but found [Dashboard123]
at test.TestClass.test1(TestClass.java:48)
at java.base/java.util.ArrayList.forEach(ArrayList.java:1511)
... Removed 37 stack frames]]>
    </failure>
  </testcase> <!-- test1 -->
  <testcase classname="test.TestClass" name="test1" time="0.001">
    <skipped/>
  </testcase> <!-- test1 -->
  <testcase classname="test.TestClass" name="test1" time="0.002">
    <skipped/>
  </testcase> <!-- test1 -->
  <testcase classname="test.TestClass" name="test1" time="0.011">
    <skipped/>
  </testcase> <!-- test1 -->
</testsuite> <!-- Test1 -->
